This is pdfTeX, Version 3.14159265-2.6-1.40.18 (TeX Live 2017/Debian) (preloaded format=latex 2019.11.25)  25 NOV 2019 09:40
entering extended mode
 restricted \write18 enabled.
 %&-line parsing enabled.
**./images.tex
(./images.tex
LaTeX2e <2017-04-15>
Babel <3.18> and hyphenation patterns for 3 language(s) loaded.

(/usr/share/texlive/texmf-dist/tex/latex/base/report.cls
Document Class: report 2014/09/29 v1.4h Standard LaTeX document class
(/usr/share/texlive/texmf-dist/tex/latex/base/size11.clo
File: size11.clo 2014/09/29 v1.4h Standard LaTeX file (size option)
)
\c@part=\count79
\c@chapter=\count80
\c@section=\count81
\c@subsection=\count82
\c@subsubsection=\count83
\c@paragraph=\count84
\c@subparagraph=\count85
\c@figure=\count86
\c@table=\count87
\abovecaptionskip=\skip41
\belowcaptionskip=\skip42
\bibindent=\dimen102
) (/usr/share/texlive/texmf-dist/tex/latex/base/ifthen.sty
Package: ifthen 2014/09/29 v1.1c Standard LaTeX ifthen package (DPC)
) (/usr/share/texlive/texmf-dist/tex/latex/base/makeidx.sty
Package: makeidx 2014/09/29 v1.0m Standard LaTeX package
)
\@indexfile=\write3
\openout3 = `images.idx'.

Writing index file images.idx
(/usr/share/texlive/texmf-dist/tex/latex/xcolor/xcolor.sty
Package: xcolor 2016/05/11 v2.12 LaTeX color extensions (UK)
(/usr/share/texlive/texmf-dist/tex/latex/graphics-cfg/color.cfg
File: color.cfg 2016/01/02 v1.6 sample color configuration
)
Package xcolor Info: Driver file: dvips.def on input line 225.
(/usr/share/texlive/texmf-dist/tex/latex/graphics-def/dvips.def
File: dvips.def 2017/06/20 v3.1d Graphics/color driver for dvips
)
Package xcolor Info: Model `cmy' substituted by `cmy0' on input line 1348.
Package xcolor Info: Model `RGB' extended on input line 1364.
Package xcolor Info: Model `HTML' substituted by `rgb' on input line 1366.
Package xcolor Info: Model `Hsb' substituted by `hsb' on input line 1367.
Package xcolor Info: Model `tHsb' substituted by `hsb' on input line 1368.
Package xcolor Info: Model `HSB' substituted by `hsb' on input line 1369.
Package xcolor Info: Model `Gray' substituted by `gray' on input line 1370.
Package xcolor Info: Model `wave' substituted by `hsb' on input line 1371.
) (/usr/share/texlive/texmf-dist/tex/latex/base/inputenc.sty
Package: inputenc 2015/03/17 v1.2c Input encoding file
\inpenc@prehook=\toks14
\inpenc@posthook=\toks15
(/usr/share/texlive/texmf-dist/tex/latex/base/latin1.def
File: latin1.def 2015/03/17 v1.2c Input encoding file
))
\sizebox=\box26
\lthtmlwrite=\write4
(./images.aux)
\openout1 = `images.aux'.

LaTeX Font Info:    Checking defaults for OML/cmm/m/it on input line 141.
LaTeX Font Info:    ... okay on input line 141.
LaTeX Font Info:    Checking defaults for T1/cmr/m/n on input line 141.
LaTeX Font Info:    ... okay on input line 141.
LaTeX Font Info:    Checking defaults for OT1/cmr/m/n on input line 141.
LaTeX Font Info:    ... okay on input line 141.
LaTeX Font Info:    Checking defaults for OMS/cmsy/m/n on input line 141.
LaTeX Font Info:    ... okay on input line 141.
LaTeX Font Info:    Checking defaults for OMX/cmex/m/n on input line 141.
LaTeX Font Info:    ... okay on input line 141.
LaTeX Font Info:    Checking defaults for U/cmr/m/n on input line 141.
LaTeX Font Info:    ... okay on input line 141.

latex2htmlLength hsize=349.0pt

latex2htmlLength vsize=743.0pt

latex2htmlLength hoffset=0.0pt

latex2htmlLength voffset=0.0pt

latex2htmlLength topmargin=0.0pt

latex2htmlLength topskip=0.00003pt

latex2htmlLength headheight=0.0pt

latex2htmlLength headsep=0.0pt

latex2htmlLength parskip=0.0pt plus 1.0pt

latex2htmlLength oddsidemargin=54.0pt

latex2htmlLength evensidemargin=54.0pt

LaTeX Font Info:    External font `cmex10' loaded for size
(Font)              <10.95> on input line 169.
LaTeX Font Info:    External font `cmex10' loaded for size
(Font)              <8> on input line 169.
LaTeX Font Info:    External font `cmex10' loaded for size
(Font)              <6> on input line 169.
l2hSize :tex2html_wrap_inline568:9.12923pt::0.0pt::9.25177pt.
[1



]
l2hSize :tex2html_wrap_inline570:7.07185pt::0.0pt::7.18219pt.
[2


]
l2hSize :tex2html_wrap_inline572:7.07185pt::0.0pt::6.02254pt.
[3


]
l2hSize :tex2html_wrap_inline574:8.7125pt::8.7125pt::34.49507pt.
[4


]
l2hSize :tex2html_wrap_inline576:7.60416pt::0.0pt::10.16177pt.
[5


]
l2hSize :tex2html_wrap_inline1641:7.57185pt::7.57185pt::9.06422pt.
[6


]
l2hSize :tex2html_wrap_inline1643:7.57185pt::7.57185pt::9.06422pt.
[7


]
l2hSize :tex2html_wrap_inline1653:7.07185pt::0.0pt::6.02254pt.
[8


]
l2hSize :tex2html_wrap_inline1655:8.7125pt::8.7125pt::6.02254pt.
[9


]
l2hSize :tex2html_wrap_inline1657:8.7125pt::8.7125pt::9.67255pt.
[10


]
l2hSize :tex2html_wrap_inline1659:7.60416pt::0.0pt::9.06422pt.
[11


]
l2hSize :tex2html_wrap_inline1661:8.7125pt::8.7125pt::3.5892pt.
[12


]
l2hSize :tex2html_wrap_inline1663:7.07185pt::0.0pt::7.84755pt.
[13


]
l2hSize :tex2html_wrap_inline1665:7.60416pt::0.0pt::3.5892pt.
[14


]
l2hSize :tex2html_wrap_inline1667:8.7125pt::8.7125pt::16.97256pt.
[15


]
l2hSize :tex2html_wrap_inline1669:9.62923pt::9.62923pt::19.44135pt.
[16


]
l2hSize :tex2html_wrap_inline1673:8.7125pt::8.7125pt::13.32256pt.
[17


]
l2hSize :tex2html_wrap_inline1675:9.62923pt::9.62923pt::33.88094pt.
[18


]
l2hSize :tex2html_wrap_inline1677:9.62923pt::9.62923pt::23.53935pt.
[19


]
l2hSize :tex2html_wrap_inline1679:9.62923pt::9.62923pt::33.88094pt.
[20


]
l2hSize :tex2html_wrap_inline1681:9.62923pt::9.62923pt::23.53935pt.
[21


]
l2hSize :tex2html_wrap_inline1683:7.07185pt::0.0pt::15.14754pt.
[22


]
l2hSize :tex2html_wrap_inline1687:7.57185pt::7.57185pt::9.06422pt.
[23


]
l2hSize :tex2html_wrap_inline1689:7.57185pt::7.57185pt::9.06422pt.
[24


]
l2hSize :tex2html_wrap_inline1701:8.7125pt::8.7125pt::6.02254pt.
[25


]
l2hSize :tex2html_wrap_inline1707:8.7125pt::8.7125pt::6.02254pt.
[26


]
l2hSize :tex2html_wrap_inline1729:8.7125pt::8.7125pt::71.62111pt.
[27


]
l2hSize :tex2html_wrap_inline1731:8.7125pt::8.7125pt::23.36894pt.
[28


]
l2hSize :tex2html_wrap_inline1733:8.7125pt::8.7125pt::23.36894pt.
[29


]
l2hSize :tex2html_wrap_inline1735:7.57185pt::7.57185pt::17.58092pt.
[30


]
l2hSize :tex2html_wrap_inline1751:7.57185pt::7.57185pt::17.58092pt.
[31


]
l2hSize :tex2html_wrap_inline1753:7.57185pt::7.57185pt::17.58092pt.
[32


]
l2hSize :tex2html_wrap_inline1755:7.07185pt::0.0pt::17.58092pt.
[33


]
l2hSize :tex2html_wrap_inline1757:7.07185pt::0.0pt::9.06422pt.
[34


]
l2hSize :tex2html_wrap_inline1759:7.60416pt::0.0pt::15.1475pt.
[35


]
l2hSize :tex2html_wrap_inline1761:7.60416pt::0.0pt::17.58092pt.
[36


]
l2hSize :tex2html_wrap_inline1763:8.7125pt::8.7125pt::6.63087pt.
[37


]
l2hSize :tex2html_wrap_inline1765:7.57185pt::7.57185pt::17.58092pt.
[38


]
l2hSize :tex2html_wrap_inline1779:7.57185pt::7.57185pt::17.58092pt.
[39


]
l2hSize :tex2html_wrap_inline1801:8.7125pt::8.7125pt::6.02254pt.
[40


]
l2hSize :tex2html_wrap_indisplay29581:8.7125pt::8.7125pt::68.31564pt.
[41


]
l2hSize :tex2html_wrap_indisplay29582:7.57185pt::7.57185pt::9.06422pt.
[42


]
l2hSize :tex2html_wrap_indisplay29583:10.48782pt::10.48782pt::70.05452pt.
[43


]
l2hSize :tex2html_wrap_inline11239:7.48248pt::0.0pt::7.89314pt.
[44


]
l2hSize :tex2html_wrap_inline11241:9.44032pt::0.0pt::14.8446pt.
[45


]
l2hSize :tex2html_wrap_inline11243:7.57185pt::7.57185pt::54.84413pt.
[46


]
l2hSize :tex2html_wrap_inline11245:7.57185pt::7.57185pt::54.84413pt.
[47


]
l2hSize :tex2html_wrap_inline11247:7.57185pt::7.57185pt::10.96674pt.
[48


]
l2hSize :tex2html_wrap_inline11255:8.7125pt::8.7125pt::61.83997pt.
[49


]
l2hSize :tex2html_wrap_inline11257:7.57185pt::7.57185pt::14.53923pt.
[50


]
l2hSize :tex2html_wrap_inline11259:9.12923pt::0.0pt::15.02266pt.
[51


]
l2hSize :tex2html_wrap_inline11261:9.12923pt::0.0pt::15.02266pt.
[52


]
l2hSize :tex2html_wrap_inline11273:7.57185pt::7.57185pt::16.9726pt.
[53


]
l2hSize :tex2html_wrap_inline11285:9.62923pt::9.62923pt::26.58096pt.
[54


]
l2hSize :tex2html_wrap_inline11287:9.62923pt::9.62923pt::26.58096pt.
[55


]
l2hSize :tex2html_wrap_inline11327:7.57185pt::7.57185pt::40.57834pt.
[56


]
l2hSize :tex2html_wrap_inline11329:7.4181pt::0.0pt::10.94368pt.
[57


]
l2hSize :tex2html_wrap_inline11331:8.7125pt::8.7125pt::73.72758pt.
[58


]
l2hSize :tex2html_wrap_inline11333:8.7125pt::8.7125pt::65.21089pt.
[59


]
l2hSize :tex2html_wrap_inline11335:7.07185pt::0.0pt::6.02254pt.
[60


]
l2hSize :tex2html_wrap_inline11337:8.10416pt::8.10416pt::45.74419pt.
[61


]
l2hSize :tex2html_wrap_inline11339:7.60416pt::0.0pt::46.68954pt.
[62


]
l2hSize :tex2html_wrap_inline11345:7.98248pt::7.98248pt::53.29523pt.
[63


]
l2hSize :tex2html_wrap_inline11347:7.07185pt::0.0pt::4.99217pt.
[64


]
l2hSize :tex2html_wrap_inline11353:7.57185pt::7.57185pt::13.93098pt.
[65


]
l2hSize :tex2html_wrap_inline11363:8.10416pt::8.10416pt::43.75682pt.
[66


]
l2hSize :tex2html_wrap_indisplay30435:14.9644pt::14.9644pt::29.51103pt.
[67


]
! Undefined control sequence.
l.776 $\displaystyle \sum_{i=0}^{m-1}\sign
                                          (i)
The control sequence at the end of the top line
of your error message was never \def'ed. If you have
misspelled it (e.g., `\hobx'), type `I' and the correct
spelling (e.g., `I\hbox'). Otherwise just continue,
and I'll forget about whatever was undefined.

! Undefined control sequence.
l.777 \binom
            (n-1+i,n-1)\frac{1}{a^{m-i}}\frac{1}{c^{n+i}}
The control sequence at the end of the top line
of your error message was never \def'ed. If you have
misspelled it (e.g., `\hobx'), type `I' and the correct
spelling (e.g., `I\hbox'). Otherwise just continue,
and I'll forget about whatever was undefined.

! Undefined control sequence.
l.778 +\sum_{i=0}^{n-1}\sign
                            (m)
The control sequence at the end of the top line
of your error message was never \def'ed. If you have
misspelled it (e.g., `\hobx'), type `I' and the correct
spelling (e.g., `I\hbox'). Otherwise just continue,
and I'll forget about whatever was undefined.

! Undefined control sequence.
l.779 \binom
            (m-1+i,m-1)\frac{1}{b^{n-i}}\frac{1}{c^{m+i}}$%
The control sequence at the end of the top line
of your error message was never \def'ed. If you have
misspelled it (e.g., `\hobx'), type `I' and the correct
spelling (e.g., `I\hbox'). Otherwise just continue,
and I'll forget about whatever was undefined.

l2hSize :tex2html_wrap_indisplay30437:19.3931pt::19.3931pt::342.5718pt.
[68


]
l2hSize :tex2html_wrap_indisplay30438:15.5119pt::15.5119pt::16.7542pt.
[69


]
! Undefined control sequence.
l.791 $\displaystyle \sum_{i=0}^n\binom
                                       (n,i)\frac{c^i}{a^{m-n+i}}
The control sequence at the end of the top line
of your error message was never \def'ed. If you have
misspelled it (e.g., `\hobx'), type `I' and the correct
spelling (e.g., `I\hbox'). Otherwise just continue,
and I'll forget about whatever was undefined.

l2hSize :tex2html_wrap_indisplay30440:17.68198pt::17.68198pt::132.5375pt.
[70


]
! Undefined control sequence.
l.798 $\displaystyle \sum_{i=0}^{m-1}\binom
                                           (n,i)\frac{c^{n-i}}{a^{m-i}}
The control sequence at the end of the top line
of your error message was never \def'ed. If you have
misspelled it (e.g., `\hobx'), type `I' and the correct
spelling (e.g., `I\hbox'). Otherwise just continue,
and I'll forget about whatever was undefined.

! Undefined control sequence.
l.799 + \sum_{i=0}^{n-m}\binom
                              (m-1+i,m-1)
The control sequence at the end of the top line
of your error message was never \def'ed. If you have
misspelled it (e.g., `\hobx'), type `I' and the correct
spelling (e.g., `I\hbox'). Otherwise just continue,
and I'll forget about whatever was undefined.

l2hSize :tex2html_wrap_indisplay30443:19.3931pt::19.3931pt::286.9833pt.
[71


]
l2hSize :tex2html_wrap_indisplay30583:19.7042pt::19.7042pt::31.26144pt.
[72


]
l2hSize :tex2html_wrap_indisplay30585:20.19292pt::20.19292pt::111.51978pt.
[73


]
l2hSize :tex2html_wrap_indisplay30589:20.19292pt::20.19292pt::111.20439pt.
[74


]
l2hSize :tex2html_wrap_inline11383:9.12923pt::0.0pt::11.55582pt.
[75


]
l2hSize :tex2html_wrap_inline11385:9.12923pt::0.0pt::18.16702pt.
[76


]
l2hSize :tex2html_wrap_inline11387:9.12923pt::0.0pt::56.9976pt.
[77


]
l2hSize :tex2html_wrap_indisplay30684:8.4656pt::8.4656pt::95.74315pt.
[78


]
l2hSize :tex2html_wrap_indisplay30695:8.4656pt::8.4656pt::95.74315pt.
[79


]
l2hSize :tex2html_wrap_inline11393:10.02922pt::10.02922pt::203.35678pt.
[80


]
l2hSize :tex2html_wrap_inline11397:7.57185pt::7.57185pt::10.96674pt.
[81


]
l2hSize :tex2html_wrap_inline11399:7.57185pt::7.57185pt::10.96674pt.
[82


]
l2hSize :tex2html_wrap_inline11401:7.57185pt::7.57185pt::14.53923pt.
[83


]
l2hSize :tex2html_wrap_inline11403:7.07185pt::0.0pt::7.1201pt.
[84


]
l2hSize :tex2html_wrap_inline11405:7.57185pt::7.57185pt::25.97838pt.
[85


]
l2hSize :tex2html_wrap_inline11407:7.07185pt::0.0pt::11.49756pt.
[86


]
l2hSize :tex2html_wrap_inline15142:9.30704pt::9.30704pt::56.65031pt.
[87


]
l2hSize :tex2html_wrap_inline15144:8.7125pt::8.7125pt::77.81248pt.
[88


]
l2hSize :tex2html_wrap_inline15146:7.60416pt::0.0pt::16.14352pt.
[89


]
l2hSize :tex2html_wrap_inline15150:10.47366pt::10.47366pt::68.60867pt.
[90


]
l2hSize :tex2html_wrap_inline15152:7.57185pt::7.57185pt::26.09753pt.
[91


]
l2hSize :tex2html_wrap_inline15154:7.57185pt::7.57185pt::17.58084pt.
[92


]
l2hSize :tex2html_wrap_inline15156:7.4181pt::0.0pt::14.04115pt.
[93


]
l2hSize :tex2html_wrap_inline15164:7.57185pt::7.57185pt::11.55582pt.
[94


]
l2hSize :tex2html_wrap_inline15166:7.57185pt::7.57185pt::22.5641pt.
[95


]
l2hSize :tex2html_wrap_inline15168:7.57185pt::7.57185pt::11.55582pt.
[96


]
l2hSize :tex2html_wrap_inline15172:7.57185pt::7.57185pt::11.55582pt.
[97


]
l2hSize :tex2html_wrap_inline15180:8.7125pt::8.7125pt::58.98177pt.
[98


]
l2hSize :tex2html_wrap_inline15182:8.7125pt::8.7125pt::58.98177pt.
[99


]
l2hSize :tex2html_wrap_inline15196:7.9181pt::7.9181pt::32.82458pt.
[100


]
l2hSize :tex2html_wrap_inline15198:7.57185pt::7.57185pt::26.88068pt.
[101


]
l2hSize :tex2html_wrap_inline15200:7.57185pt::7.57185pt::26.88068pt.
[102


]
l2hSize :tex2html_wrap_inline15206:7.57185pt::7.57185pt::37.16402pt.
[103


]
l2hSize :tex2html_wrap_inline15208:7.57185pt::7.57185pt::26.88068pt.
[104


]
l2hSize :tex2html_wrap_inline15210:7.57185pt::7.57185pt::26.88068pt.
[105


]
l2hSize :tex2html_wrap_inline15540:7.07185pt::0.0pt::6.80576pt.
[106


]
l2hSize :tex2html_wrap_inline15552:7.60416pt::0.0pt::6.85646pt.
[107


]
l2hSize :tex2html_wrap_inline15706:7.98248pt::7.98248pt::15.44324pt.
[108


]
l2hSize :tex2html_wrap_inline15940:9.62923pt::9.62923pt::34.66415pt.
[109


]
l2hSize :tex2html_wrap_inline15942:9.62923pt::9.62923pt::43.95071pt.
[110


]
l2hSize :tex2html_wrap_inline16383:8.7125pt::8.7125pt::16.97255pt.
[111


]
l2hSize :tex2html_wrap_inline16385:7.07185pt::0.0pt::11.49754pt.
[112


]
l2hSize :tex2html_wrap_inline16387:8.7125pt::8.7125pt::22.44756pt.
[113


]
l2hSize :tex2html_wrap_inline16389:7.57185pt::7.57185pt::37.47835pt.
[114


]
l2hSize :tex2html_wrap_inline16391:7.57185pt::7.57185pt::35.04501pt.
[115


]
l2hSize :tex2html_wrap_inline16393:7.57185pt::7.57185pt::35.666pt.
[116


]
l2hSize :tex2html_wrap_inline16395:7.57185pt::7.57185pt::10.18582pt.
[117


]
l2hSize :displaymath16471:16.79805pt::0.0pt::349.0pt.
[118


]
l2hSize :tex2html_wrap_inline16674:7.57185pt::7.57185pt::16.29947pt.
[119


]
l2hSize :tex2html_wrap_inline16676:8.10416pt::8.10416pt::27.28741pt.
[120


]
l2hSize :tex2html_wrap_inline16680:9.62923pt::9.62923pt::48.28772pt.
[121


]
l2hSize :tex2html_wrap_inline16682:7.57185pt::7.57185pt::45.95036pt.
[122


]
l2hSize :tex2html_wrap_inline16684:7.72179pt::7.72179pt::53.37277pt.
[123


]
l2hSize :tex2html_wrap_inline16690:7.57185pt::7.57185pt::11.83015pt.
[124


]
l2hSize :tex2html_wrap_inline16692:7.57185pt::7.57185pt::41.46086pt.
[125


]
l2hSize :tex2html_wrap_indisplay31153:8.7125pt::8.7125pt::101.63167pt.
[126


]
l2hSize :tex2html_wrap_indisplay31155:7.57185pt::7.57185pt::48.08754pt.
[127


]
l2hSize :tex2html_wrap_inline16694:8.7125pt::8.7125pt::85.92607pt.
[128


]
l2hSize :tex2html_wrap_inline16696:8.7125pt::8.7125pt::85.92607pt.
[129


]
l2hSize :tex2html_wrap_inline16700:7.57185pt::7.57185pt::19.48343pt.
[130


]
l2hSize :tex2html_wrap_inline16702:7.57185pt::7.57185pt::37.04747pt.
[131


]
l2hSize :tex2html_wrap_inline16704:7.57185pt::7.57185pt::37.04747pt.
[132


]
l2hSize :tex2html_wrap_inline16706:7.57185pt::7.57185pt::42.52248pt.
[133


]
l2hSize :tex2html_wrap_inline16708:7.22179pt::0.0pt::4.31995pt.
[134


]
l2hSize :tex2html_wrap_inline16804:8.7125pt::8.7125pt::16.97255pt.
[135


]
l2hSize :tex2html_wrap_inline17942:9.12923pt::0.0pt::16.2476pt.
[136


]
l2hSize :tex2html_wrap_inline18456:7.07185pt::0.0pt::9.06422pt.
[137


] (./images.aux) ) 
Here is how much of TeX's memory you used:
 1344 strings out of 494924
 16698 string characters out of 6180767
 77556 words of memory out of 5000000
 4715 multiletter control sequences out of 15000+600000
 6379 words of font info for 23 fonts, out of 8000000 for 9000
 14 hyphenation exceptions out of 8191
 23i,5n,35p,229b,147s stack positions out of 5000i,500n,10000p,200000b,80000s

Output written on images.dvi (137 pages, 32136 bytes).
